0 info it worked if it ends with ok
1 verbose cli [ '/usr/local/bin/node',
1 verbose cli   '/usr/local/bin/npm',
1 verbose cli   'install',
1 verbose cli   '-g',
1 verbose cli   'less' ]
2 info using npm@3.10.3
3 info using node@v6.3.0
4 silly loadCurrentTree Starting
5 silly install loadCurrentTree
6 silly install readGlobalPackageData
7 silly fetchPackageMetaData less
8 silly fetchNamedPackageData less
9 silly mapToRegistry name less
10 silly mapToRegistry using default registry
11 silly mapToRegistry registry https://registry.npmjs.org/
12 silly mapToRegistry data Result {
12 silly mapToRegistry   raw: 'less',
12 silly mapToRegistry   scope: null,
12 silly mapToRegistry   escapedName: 'less',
12 silly mapToRegistry   name: 'less',
12 silly mapToRegistry   rawSpec: '',
12 silly mapToRegistry   spec: 'latest',
12 silly mapToRegistry   type: 'tag' }
13 silly mapToRegistry uri https://registry.npmjs.org/less
14 verbose request uri https://registry.npmjs.org/less
15 verbose request no auth needed
16 info attempt registry request try #1 at 9:07:13 AM
17 verbose request id 74b5e3de00c373e0
18 verbose etag "53GHPMIDZR90H814HZFBV3G73"
19 http request GET https://registry.npmjs.org/less
20 http 200 https://registry.npmjs.org/less
21 verbose headers { server: 'CouchDB/1.5.0 (Erlang OTP/R16B03)',
21 verbose headers   etag: '"EL2E4QAS2NLMI6758IKVWS0AW"',
21 verbose headers   'content-type': 'application/json',
21 verbose headers   'content-encoding': 'gzip',
21 verbose headers   'cache-control': 'max-age=300',
21 verbose headers   'content-length': '14686',
21 verbose headers   'accept-ranges': 'bytes',
21 verbose headers   date: 'Sat, 12 Nov 2016 14:07:13 GMT',
21 verbose headers   via: '1.1 varnish',
21 verbose headers   age: '121',
21 verbose headers   connection: 'keep-alive',
21 verbose headers   'x-served-by': 'cache-jfk8144-JFK',
21 verbose headers   'x-cache': 'HIT',
21 verbose headers   'x-cache-hits': '1',
21 verbose headers   'x-timer': 'S1478959633.755815,VS0,VE0',
21 verbose headers   vary: 'Accept-Encoding' }
22 silly get cb [ 200,
22 silly get   { server: 'CouchDB/1.5.0 (Erlang OTP/R16B03)',
22 silly get     etag: '"EL2E4QAS2NLMI6758IKVWS0AW"',
22 silly get     'content-type': 'application/json',
22 silly get     'content-encoding': 'gzip',
22 silly get     'cache-control': 'max-age=300',
22 silly get     'content-length': '14686',
22 silly get     'accept-ranges': 'bytes',
22 silly get     date: 'Sat, 12 Nov 2016 14:07:13 GMT',
22 silly get     via: '1.1 varnish',
22 silly get     age: '121',
22 silly get     connection: 'keep-alive',
22 silly get     'x-served-by': 'cache-jfk8144-JFK',
22 silly get     'x-cache': 'HIT',
22 silly get     'x-cache-hits': '1',
22 silly get     'x-timer': 'S1478959633.755815,VS0,VE0',
22 silly get     vary: 'Accept-Encoding' } ]
23 verbose get saving less to /Users/jennine/.npm/registry.npmjs.org/less/.cache.json
24 verbose correctMkdir /Users/jennine/.npm correctMkdir not in flight; initializing
25 silly install normalizeTree
26 silly loadCurrentTree Finishing
27 silly loadIdealTree Starting
28 silly install loadIdealTree
29 silly cloneCurrentTree Starting
30 silly install cloneCurrentTreeToIdealTree
31 silly cloneCurrentTree Finishing
32 silly loadShrinkwrap Starting
33 silly install loadShrinkwrap
34 silly loadShrinkwrap Finishing
35 silly loadAllDepsIntoIdealTree Starting
36 silly install loadAllDepsIntoIdealTree
37 silly resolveWithNewModule less@2.7.1 checking installable status
38 silly cache add args [ 'less', null ]
39 verbose cache add spec less
40 silly cache add parsed spec Result {
40 silly cache add   raw: 'less',
40 silly cache add   scope: null,
40 silly cache add   escapedName: 'less',
40 silly cache add   name: 'less',
40 silly cache add   rawSpec: '',
40 silly cache add   spec: 'latest',
40 silly cache add   type: 'tag' }
41 silly addNamed less@latest
42 verbose addNamed "latest" is being treated as a dist-tag for less
43 info addNameTag [ 'less', 'latest' ]
44 silly mapToRegistry name less
45 silly mapToRegistry using default registry
46 silly mapToRegistry registry https://registry.npmjs.org/
47 silly mapToRegistry data Result {
47 silly mapToRegistry   raw: 'less',
47 silly mapToRegistry   scope: null,
47 silly mapToRegistry   escapedName: 'less',
47 silly mapToRegistry   name: 'less',
47 silly mapToRegistry   rawSpec: '',
47 silly mapToRegistry   spec: 'latest',
47 silly mapToRegistry   type: 'tag' }
48 silly mapToRegistry uri https://registry.npmjs.org/less
49 verbose addNameTag registry:https://registry.npmjs.org/less not in flight; fetching
50 verbose get https://registry.npmjs.org/less not expired, no request
51 silly addNameTag next cb for less with tag latest
52 silly addNamed less@2.7.1
53 verbose addNamed "2.7.1" is a plain semver version for less
54 silly cache afterAdd less@2.7.1
55 verbose afterAdd /Users/jennine/.npm/less/2.7.1/package/package.json not in flight; writing
56 verbose correctMkdir /Users/jennine/.npm correctMkdir not in flight; initializing
57 verbose afterAdd /Users/jennine/.npm/less/2.7.1/package/package.json written
58 silly fetchNamedPackageData errno
59 silly mapToRegistry name errno
60 silly mapToRegistry using default registry
61 silly mapToRegistry registry https://registry.npmjs.org/
62 silly mapToRegistry data Result {
62 silly mapToRegistry   raw: 'errno',
62 silly mapToRegistry   scope: null,
62 silly mapToRegistry   escapedName: 'errno',
62 silly mapToRegistry   name: 'errno',
62 silly mapToRegistry   rawSpec: '',
62 silly mapToRegistry   spec: 'latest',
62 silly mapToRegistry   type: 'tag' }
63 silly mapToRegistry uri https://registry.npmjs.org/errno
64 silly fetchNamedPackageData graceful-fs
65 silly mapToRegistry name graceful-fs
66 silly mapToRegistry using default registry
67 silly mapToRegistry registry https://registry.npmjs.org/
68 silly mapToRegistry data Result {
68 silly mapToRegistry   raw: 'graceful-fs',
68 silly mapToRegistry   scope: null,
68 silly mapToRegistry   escapedName: 'graceful-fs',
68 silly mapToRegistry   name: 'graceful-fs',
68 silly mapToRegistry   rawSpec: '',
68 silly mapToRegistry   spec: 'latest',
68 silly mapToRegistry   type: 'tag' }
69 silly mapToRegistry uri https://registry.npmjs.org/graceful-fs
70 silly fetchNamedPackageData image-size
71 silly mapToRegistry name image-size
72 silly mapToRegistry using default registry
73 silly mapToRegistry registry https://registry.npmjs.org/
74 silly mapToRegistry data Result {
74 silly mapToRegistry   raw: 'image-size',
74 silly mapToRegistry   scope: null,
74 silly mapToRegistry   escapedName: 'image-size',
74 silly mapToRegistry   name: 'image-size',
74 silly mapToRegistry   rawSpec: '',
74 silly mapToRegistry   spec: 'latest',
74 silly mapToRegistry   type: 'tag' }
75 silly mapToRegistry uri https://registry.npmjs.org/image-size
76 silly fetchNamedPackageData mime
77 silly mapToRegistry name mime
78 silly mapToRegistry using default registry
79 silly mapToRegistry registry https://registry.npmjs.org/
80 silly mapToRegistry data Result {
80 silly mapToRegistry   raw: 'mime',
80 silly mapToRegistry   scope: null,
80 silly mapToRegistry   escapedName: 'mime',
80 silly mapToRegistry   name: 'mime',
80 silly mapToRegistry   rawSpec: '',
80 silly mapToRegistry   spec: 'latest',
80 silly mapToRegistry   type: 'tag' }
81 silly mapToRegistry uri https://registry.npmjs.org/mime
82 silly fetchNamedPackageData mkdirp
83 silly mapToRegistry name mkdirp
84 silly mapToRegistry using default registry
85 silly mapToRegistry registry https://registry.npmjs.org/
86 silly mapToRegistry data Result {
86 silly mapToRegistry   raw: 'mkdirp',
86 silly mapToRegistry   scope: null,
86 silly mapToRegistry   escapedName: 'mkdirp',
86 silly mapToRegistry   name: 'mkdirp',
86 silly mapToRegistry   rawSpec: '',
86 silly mapToRegistry   spec: 'latest',
86 silly mapToRegistry   type: 'tag' }
87 silly mapToRegistry uri https://registry.npmjs.org/mkdirp
88 silly fetchNamedPackageData promise
89 silly mapToRegistry name promise
90 silly mapToRegistry using default registry
91 silly mapToRegistry registry https://registry.npmjs.org/
92 silly mapToRegistry data Result {
92 silly mapToRegistry   raw: 'promise',
92 silly mapToRegistry   scope: null,
92 silly mapToRegistry   escapedName: 'promise',
92 silly mapToRegistry   name: 'promise',
92 silly mapToRegistry   rawSpec: '',
92 silly mapToRegistry   spec: 'latest',
92 silly mapToRegistry   type: 'tag' }
93 silly mapToRegistry uri https://registry.npmjs.org/promise
94 silly fetchNamedPackageData source-map
95 silly mapToRegistry name source-map
96 silly mapToRegistry using default registry
97 silly mapToRegistry registry https://registry.npmjs.org/
98 silly mapToRegistry data Result {
98 silly mapToRegistry   raw: 'source-map',
98 silly mapToRegistry   scope: null,
98 silly mapToRegistry   escapedName: 'source-map',
98 silly mapToRegistry   name: 'source-map',
98 silly mapToRegistry   rawSpec: '',
98 silly mapToRegistry   spec: 'latest',
98 silly mapToRegistry   type: 'tag' }
99 silly mapToRegistry uri https://registry.npmjs.org/source-map
100 verbose request uri https://registry.npmjs.org/image-size
101 verbose request no auth needed
102 info attempt registry request try #1 at 9:07:14 AM
103 http request GET https://registry.npmjs.org/image-size
104 verbose request uri https://registry.npmjs.org/errno
105 verbose request no auth needed
106 info attempt registry request try #1 at 9:07:14 AM
107 verbose etag "6YWEGSX6699BK7TW098OWTVOM"
108 http request GET https://registry.npmjs.org/errno
109 verbose request uri https://registry.npmjs.org/mkdirp
110 verbose request no auth needed
111 info attempt registry request try #1 at 9:07:14 AM
112 verbose etag "5V5XRULA28US0W33NHEPC5HC"
113 http request GET https://registry.npmjs.org/mkdirp
114 verbose request uri https://registry.npmjs.org/mime
115 verbose request no auth needed
116 info attempt registry request try #1 at 9:07:14 AM
117 verbose etag "1BW3EWCG5BO55QT4NPZYT0LTC"
118 http request GET https://registry.npmjs.org/mime
119 verbose request uri https://registry.npmjs.org/graceful-fs
120 verbose request no auth needed
121 info attempt registry request try #1 at 9:07:14 AM
122 verbose etag "9B1VGA6KH4EAPJLMKIT9FUYFT"
123 http request GET https://registry.npmjs.org/graceful-fs
124 verbose request uri https://registry.npmjs.org/promise
125 verbose request no auth needed
126 info attempt registry request try #1 at 9:07:14 AM
127 verbose etag "7R2UOLV6VXIB22GXX45XAUKTZ"
128 http request GET https://registry.npmjs.org/promise
129 verbose request uri https://registry.npmjs.org/source-map
130 verbose request no auth needed
131 info attempt registry request try #1 at 9:07:14 AM
132 verbose etag "BV3S9TIYIGVPHLTHCZKA1S613"
133 http request GET https://registry.npmjs.org/source-map
134 http 200 https://registry.npmjs.org/image-size
135 verbose headers { server: 'CouchDB/1.6.1 (Erlang OTP/R16B03)',
135 verbose headers   etag: '"3KG4MQC88MWDXWFFIEHGYKM5H"',
135 verbose headers   'content-type': 'application/json',
135 verbose headers   'content-encoding': 'gzip',
135 verbose headers   'cache-control': 'max-age=300',
135 verbose headers   'content-length': '5218',
135 verbose headers   'accept-ranges': 'bytes',
135 verbose headers   date: 'Sat, 12 Nov 2016 14:07:13 GMT',
135 verbose headers   via: '1.1 varnish',
135 verbose headers   age: '123',
135 verbose headers   connection: 'keep-alive',
135 verbose headers   'x-served-by': 'cache-jfk8144-JFK',
135 verbose headers   'x-cache': 'HIT',
135 verbose headers   'x-cache-hits': '1',
135 verbose headers   'x-timer': 'S1478959633.961639,VS0,VE0',
135 verbose headers   vary: 'Accept-Encoding' }
136 silly get cb [ 200,
136 silly get   { server: 'CouchDB/1.6.1 (Erlang OTP/R16B03)',
136 silly get     etag: '"3KG4MQC88MWDXWFFIEHGYKM5H"',
136 silly get     'content-type': 'application/json',
136 silly get     'content-encoding': 'gzip',
136 silly get     'cache-control': 'max-age=300',
136 silly get     'content-length': '5218',
136 silly get     'accept-ranges': 'bytes',
136 silly get     date: 'Sat, 12 Nov 2016 14:07:13 GMT',
136 silly get     via: '1.1 varnish',
136 silly get     age: '123',
136 silly get     connection: 'keep-alive',
136 silly get     'x-served-by': 'cache-jfk8144-JFK',
136 silly get     'x-cache': 'HIT',
136 silly get     'x-cache-hits': '1',
136 silly get     'x-timer': 'S1478959633.961639,VS0,VE0',
136 silly get     vary: 'Accept-Encoding' } ]
137 verbose get saving image-size to /Users/jennine/.npm/registry.npmjs.org/image-size/.cache.json
138 verbose correctMkdir /Users/jennine/.npm correctMkdir not in flight; initializing
139 silly resolveWithNewModule image-size@0.5.0 checking installable status
140 silly cache add args [ 'image-size@~0.5.0', null ]
141 verbose cache add spec image-size@~0.5.0
142 silly cache add parsed spec Result {
142 silly cache add   raw: 'image-size@~0.5.0',
142 silly cache add   scope: null,
142 silly cache add   escapedName: 'image-size',
142 silly cache add   name: 'image-size',
142 silly cache add   rawSpec: '~0.5.0',
142 silly cache add   spec: '>=0.5.0 <0.6.0',
142 silly cache add   type: 'range' }
143 silly addNamed image-size@>=0.5.0 <0.6.0
144 verbose addNamed ">=0.5.0 <0.6.0" is a valid semver range for image-size
145 silly addNameRange { name: 'image-size', range: '>=0.5.0 <0.6.0', hasData: false }
146 silly mapToRegistry name image-size
147 silly mapToRegistry using default registry
148 silly mapToRegistry registry https://registry.npmjs.org/
149 silly mapToRegistry data Result {
149 silly mapToRegistry   raw: 'image-size',
149 silly mapToRegistry   scope: null,
149 silly mapToRegistry   escapedName: 'image-size',
149 silly mapToRegistry   name: 'image-size',
149 silly mapToRegistry   rawSpec: '',
149 silly mapToRegistry   spec: 'latest',
149 silly mapToRegistry   type: 'tag' }
150 silly mapToRegistry uri https://registry.npmjs.org/image-size
151 verbose addNameRange registry:https://registry.npmjs.org/image-size not in flight; fetching
152 verbose get https://registry.npmjs.org/image-size not expired, no request
153 silly addNameRange number 2 { name: 'image-size', range: '>=0.5.0 <0.6.0', hasData: true }
154 silly addNameRange versions [ 'image-size',
154 silly addNameRange   [ '0.0.2',
154 silly addNameRange     '0.0.3',
154 silly addNameRange     '0.0.5',
154 silly addNameRange     '0.1.0',
154 silly addNameRange     '0.1.1',
154 silly addNameRange     '0.1.2',
154 silly addNameRange     '0.1.3',
154 silly addNameRange     '0.1.4',
154 silly addNameRange     '0.1.5',
154 silly addNameRange     '0.1.6',
154 silly addNameRange     '0.1.7',
154 silly addNameRange     '0.1.10',
154 silly addNameRange     '0.1.15',
154 silly addNameRange     '0.0.16',
154 silly addNameRange     '0.1.16',
154 silly addNameRange     '0.1.17',
154 silly addNameRange     '0.1.20',
154 silly addNameRange     '0.2.1',
154 silly addNameRange     '0.2.2',
154 silly addNameRange     '0.2.3',
154 silly addNameRange     '0.2.4',
154 silly addNameRange     '0.2.5',
154 silly addNameRange     '0.3.0',
154 silly addNameRange     '0.3.1',
154 silly addNameRange     '0.3.2',
154 silly addNameRange     '0.3.3',
154 silly addNameRange     '0.3.5',
154 silly addNameRange     '0.4.0',
154 silly addNameRange     '0.5.0' ] ]
155 silly addNamed image-size@0.5.0
156 verbose addNamed "0.5.0" is a plain semver version for image-size
157 silly mapToRegistry name image-size
158 silly mapToRegistry using default registry
159 silly mapToRegistry registry https://registry.npmjs.org/
160 silly mapToRegistry data Result {
160 silly mapToRegistry   raw: 'image-size',
160 silly mapToRegistry   scope: null,
160 silly mapToRegistry   escapedName: 'image-size',
160 silly mapToRegistry   name: 'image-size',
160 silly mapToRegistry   rawSpec: '',
160 silly mapToRegistry   spec: 'latest',
160 silly mapToRegistry   type: 'tag' }
161 silly mapToRegistry uri https://registry.npmjs.org/image-size
162 verbose addRemoteTarball https://registry.npmjs.org/image-size/-/image-size-0.5.0.tgz not in flight; adding
163 verbose addRemoteTarball [ 'https://registry.npmjs.org/image-size/-/image-size-0.5.0.tgz',
163 verbose addRemoteTarball   'be7aed1c37b5ac3d9ba1d66a24b4c47ff8397651' ]
164 info retry fetch attempt 1 at 9:07:14 AM
165 info attempt registry request try #1 at 9:07:14 AM
166 http fetch GET https://registry.npmjs.org/image-size/-/image-size-0.5.0.tgz
167 http 200 https://registry.npmjs.org/promise
168 verbose headers { server: 'CouchDB/1.5.0 (Erlang OTP/R16B03)',
168 verbose headers   etag: '"9ZB0SCSU488KRAHG26APCXDB5"',
168 verbose headers   'content-type': 'application/json',
168 verbose headers   'content-encoding': 'gzip',
168 verbose headers   'cache-control': 'max-age=300',
168 verbose headers   'content-length': '7763',
168 verbose headers   'accept-ranges': 'bytes',
168 verbose headers   date: 'Sat, 12 Nov 2016 14:07:13 GMT',
168 verbose headers   via: '1.1 varnish',
168 verbose headers   age: '151',
168 verbose headers   connection: 'keep-alive',
168 verbose headers   'x-served-by': 'cache-jfk8144-JFK',
168 verbose headers   'x-cache': 'HIT',
168 verbose headers   'x-cache-hits': '1',
168 verbose headers   'x-timer': 'S1478959633.995653,VS0,VE0',
168 verbose headers   vary: 'Accept-Encoding' }
169 silly get cb [ 200,
169 silly get   { server: 'CouchDB/1.5.0 (Erlang OTP/R16B03)',
169 silly get     etag: '"9ZB0SCSU488KRAHG26APCXDB5"',
169 silly get     'content-type': 'application/json',
169 silly get     'content-encoding': 'gzip',
169 silly get     'cache-control': 'max-age=300',
169 silly get     'content-length': '7763',
169 silly get     'accept-ranges': 'bytes',
169 silly get     date: 'Sat, 12 Nov 2016 14:07:13 GMT',
169 silly get     via: '1.1 varnish',
169 silly get     age: '151',
169 silly get     connection: 'keep-alive',
169 silly get     'x-served-by': 'cache-jfk8144-JFK',
169 silly get     'x-cache': 'HIT',
169 silly get     'x-cache-hits': '1',
169 silly get     'x-timer': 'S1478959633.995653,VS0,VE0',
169 silly get     vary: 'Accept-Encoding' } ]
170 verbose get saving promise to /Users/jennine/.npm/registry.npmjs.org/promise/.cache.json
171 verbose correctMkdir /Users/jennine/.npm correctMkdir not in flight; initializing
172 silly resolveWithNewModule promise@7.1.1 checking installable status
173 silly cache add args [ 'promise@^7.1.1', null ]
174 verbose cache add spec promise@^7.1.1
175 silly cache add parsed spec Result {
175 silly cache add   raw: 'promise@^7.1.1',
175 silly cache add   scope: null,
175 silly cache add   escapedName: 'promise',
175 silly cache add   name: 'promise',
175 silly cache add   rawSpec: '^7.1.1',
175 silly cache add   spec: '>=7.1.1 <8.0.0',
175 silly cache add   type: 'range' }
176 silly addNamed promise@>=7.1.1 <8.0.0
177 verbose addNamed ">=7.1.1 <8.0.0" is a valid semver range for promise
178 silly addNameRange { name: 'promise', range: '>=7.1.1 <8.0.0', hasData: false }
179 silly mapToRegistry name promise
180 silly mapToRegistry using default registry
181 silly mapToRegistry registry https://registry.npmjs.org/
182 silly mapToRegistry data Result {
182 silly mapToRegistry   raw: 'promise',
182 silly mapToRegistry   scope: null,
182 silly mapToRegistry   escapedName: 'promise',
182 silly mapToRegistry   name: 'promise',
182 silly mapToRegistry   rawSpec: '',
182 silly mapToRegistry   spec: 'latest',
182 silly mapToRegistry   type: 'tag' }
183 silly mapToRegistry uri https://registry.npmjs.org/promise
184 verbose addNameRange registry:https://registry.npmjs.org/promise not in flight; fetching
185 verbose get https://registry.npmjs.org/promise not expired, no request
186 silly addNameRange number 2 { name: 'promise', range: '>=7.1.1 <8.0.0', hasData: true }
187 silly addNameRange versions [ 'promise',
187 silly addNameRange   [ '1.2.1',
187 silly addNameRange     '1.2.2',
187 silly addNameRange     '1.3.0',
187 silly addNameRange     '2.0.0',
187 silly addNameRange     '3.0.0',
187 silly addNameRange     '3.0.1',
187 silly addNameRange     '3.1.0',
187 silly addNameRange     '3.2.0',
187 silly addNameRange     '4.0.0',
187 silly addNameRange     '5.0.0',
187 silly addNameRange     '6.0.0',
187 silly addNameRange     '6.0.1',
187 silly addNameRange     '6.1.0',
187 silly addNameRange     '7.0.0',
187 silly addNameRange     '7.0.1',
187 silly addNameRange     '7.0.2',
187 silly addNameRange     '7.0.3',
187 silly addNameRange     '7.0.4',
187 silly addNameRange     '7.1.0',
187 silly addNameRange     '7.1.1' ] ]
188 silly addNamed promise@7.1.1
189 verbose addNamed "7.1.1" is a plain semver version for promise
190 silly cache afterAdd promise@7.1.1
191 verbose afterAdd /Users/jennine/.npm/promise/7.1.1/package/package.json not in flight; writing
192 verbose correctMkdir /Users/jennine/.npm correctMkdir not in flight; initializing
193 verbose afterAdd /Users/jennine/.npm/promise/7.1.1/package/package.json written
194 http 200 https://registry.npmjs.org/mkdirp
195 verbose headers { server: 'CouchDB/1.6.1 (Erlang OTP/R16B03)',
195 verbose headers   etag: '"8XOGJX7GNZU72Q1ZX39ZOA4LV"',
195 verbose headers   'content-type': 'application/json',
195 verbose headers   'content-encoding': 'gzip',
195 verbose headers   'cache-control': 'max-age=300',
195 verbose headers   'content-length': '5104',
195 verbose headers   'accept-ranges': 'bytes',
195 verbose headers   date: 'Sat, 12 Nov 2016 14:07:14 GMT',
195 verbose headers   via: '1.1 varnish',
195 verbose headers   age: '161',
195 verbose headers   connection: 'keep-alive',
195 verbose headers   'x-served-by': 'cache-jfk8132-JFK',
195 verbose headers   'x-cache': 'HIT',
195 verbose headers   'x-cache-hits': '3',
195 verbose headers   'x-timer': 'S1478959634.041406,VS0,VE0',
195 verbose headers   vary: 'Accept-Encoding' }
196 silly get cb [ 200,
196 silly get   { server: 'CouchDB/1.6.1 (Erlang OTP/R16B03)',
196 silly get     etag: '"8XOGJX7GNZU72Q1ZX39ZOA4LV"',
196 silly get     'content-type': 'application/json',
196 silly get     'content-encoding': 'gzip',
196 silly get     'cache-control': 'max-age=300',
196 silly get     'content-length': '5104',
196 silly get     'accept-ranges': 'bytes',
196 silly get     date: 'Sat, 12 Nov 2016 14:07:14 GMT',
196 silly get     via: '1.1 varnish',
196 silly get     age: '161',
196 silly get     connection: 'keep-alive',
196 silly get     'x-served-by': 'cache-jfk8132-JFK',
196 silly get     'x-cache': 'HIT',
196 silly get     'x-cache-hits': '3',
196 silly get     'x-timer': 'S1478959634.041406,VS0,VE0',
196 silly get     vary: 'Accept-Encoding' } ]
197 verbose get saving mkdirp to /Users/jennine/.npm/registry.npmjs.org/mkdirp/.cache.json
198 verbose correctMkdir /Users/jennine/.npm correctMkdir not in flight; initializing
199 silly resolveWithNewModule mkdirp@0.5.1 checking installable status
200 silly cache add args [ 'mkdirp@^0.5.0', null ]
201 verbose cache add spec mkdirp@^0.5.0
202 silly cache add parsed spec Result {
202 silly cache add   raw: 'mkdirp@^0.5.0',
202 silly cache add   scope: null,
202 silly cache add   escapedName: 'mkdirp',
202 silly cache add   name: 'mkdirp',
202 silly cache add   rawSpec: '^0.5.0',
202 silly cache add   spec: '>=0.5.0 <0.6.0',
202 silly cache add   type: 'range' }
203 silly addNamed mkdirp@>=0.5.0 <0.6.0
204 verbose addNamed ">=0.5.0 <0.6.0" is a valid semver range for mkdirp
205 silly addNameRange { name: 'mkdirp', range: '>=0.5.0 <0.6.0', hasData: false }
206 silly mapToRegistry name mkdirp
207 silly mapToRegistry using default registry
208 silly mapToRegistry registry https://registry.npmjs.org/
209 silly mapToRegistry data Result {
209 silly mapToRegistry   raw: 'mkdirp',
209 silly mapToRegistry   scope: null,
209 silly mapToRegistry   escapedName: 'mkdirp',
209 silly mapToRegistry   name: 'mkdirp',
209 silly mapToRegistry   rawSpec: '',
209 silly mapToRegistry   spec: 'latest',
209 silly mapToRegistry   type: 'tag' }
210 silly mapToRegistry uri https://registry.npmjs.org/mkdirp
211 verbose addNameRange registry:https://registry.npmjs.org/mkdirp not in flight; fetching
212 verbose get https://registry.npmjs.org/mkdirp not expired, no request
213 silly addNameRange number 2 { name: 'mkdirp', range: '>=0.5.0 <0.6.0', hasData: true }
214 silly addNameRange versions [ 'mkdirp',
214 silly addNameRange   [ '0.0.1',
214 silly addNameRange     '0.0.2',
214 silly addNameRange     '0.0.3',
214 silly addNameRange     '0.0.4',
214 silly addNameRange     '0.0.5',
214 silly addNameRange     '0.0.6',
214 silly addNameRange     '0.0.7',
214 silly addNameRange     '0.1.0',
214 silly addNameRange     '0.2.0',
214 silly addNameRange     '0.2.1',
214 silly addNameRange     '0.2.2',
214 silly addNameRange     '0.3.0',
214 silly addNameRange     '0.3.1',
214 silly addNameRange     '0.3.2',
214 silly addNameRange     '0.3.3',
214 silly addNameRange     '0.3.4',
214 silly addNameRange     '0.3.5',
214 silly addNameRange     '0.4.0',
214 silly addNameRange     '0.4.1',
214 silly addNameRange     '0.4.2',
214 silly addNameRange     '0.5.0',
214 silly addNameRange     '0.5.1' ] ]
215 silly addNamed mkdirp@0.5.1
216 verbose addNamed "0.5.1" is a plain semver version for mkdirp
217 silly cache afterAdd mkdirp@0.5.1
218 verbose afterAdd /Users/jennine/.npm/mkdirp/0.5.1/package/package.json not in flight; writing
219 verbose correctMkdir /Users/jennine/.npm correctMkdir not in flight; initializing
220 http 200 https://registry.npmjs.org/graceful-fs
221 verbose headers { server: 'CouchDB/1.6.1 (Erlang OTP/R16B03)',
221 verbose headers   etag: '"EN7R0IB0R17359BESEEQLKRQE"',
221 verbose headers   'content-type': 'application/json',
221 verbose headers   'content-encoding': 'gzip',
221 verbose headers   'cache-control': 'max-age=300',
221 verbose headers   'content-length': '9691',
221 verbose headers   'accept-ranges': 'bytes',
221 verbose headers   date: 'Sat, 12 Nov 2016 14:07:14 GMT',
221 verbose headers   via: '1.1 varnish',
221 verbose headers   age: '128',
221 verbose headers   connection: 'keep-alive',
221 verbose headers   'x-served-by': 'cache-jfk8135-JFK',
221 verbose headers   'x-cache': 'HIT',
221 verbose headers   'x-cache-hits': '2',
221 verbose headers   'x-timer': 'S1478959634.057388,VS0,VE0',
221 verbose headers   vary: 'Accept-Encoding' }
222 silly get cb [ 200,
222 silly get   { server: 'CouchDB/1.6.1 (Erlang OTP/R16B03)',
222 silly get     etag: '"EN7R0IB0R17359BESEEQLKRQE"',
222 silly get     'content-type': 'application/json',
222 silly get     'content-encoding': 'gzip',
222 silly get     'cache-control': 'max-age=300',
222 silly get     'content-length': '9691',
222 silly get     'accept-ranges': 'bytes',
222 silly get     date: 'Sat, 12 Nov 2016 14:07:14 GMT',
222 silly get     via: '1.1 varnish',
222 silly get     age: '128',
222 silly get     connection: 'keep-alive',
222 silly get     'x-served-by': 'cache-jfk8135-JFK',
222 silly get     'x-cache': 'HIT',
222 silly get     'x-cache-hits': '2',
222 silly get     'x-timer': 'S1478959634.057388,VS0,VE0',
222 silly get     vary: 'Accept-Encoding' } ]
223 verbose get saving graceful-fs to /Users/jennine/.npm/registry.npmjs.org/graceful-fs/.cache.json
224 verbose correctMkdir /Users/jennine/.npm correctMkdir not in flight; initializing
225 verbose afterAdd /Users/jennine/.npm/mkdirp/0.5.1/package/package.json written
226 http fetch 200 https://registry.npmjs.org/image-size/-/image-size-0.5.0.tgz
227 http 200 https://registry.npmjs.org/mime
228 verbose headers { server: 'CouchDB/1.5.0 (Erlang OTP/R16B03)',
228 verbose headers   etag: '"8MWTXI8I12RHGJCOKOV40IHRH"',
228 verbose headers   'content-type': 'application/json',
228 verbose headers   'content-encoding': 'gzip',
228 verbose headers   'cache-control': 'max-age=300',
228 verbose headers   'content-length': '4444',
228 verbose headers   'accept-ranges': 'bytes',
228 verbose headers   date: 'Sat, 12 Nov 2016 14:07:14 GMT',
228 verbose headers   via: '1.1 varnish',
228 verbose headers   age: '44',
228 verbose headers   connection: 'keep-alive',
228 verbose headers   'x-served-by': 'cache-jfk8133-JFK',
228 verbose headers   'x-cache': 'HIT',
228 verbose headers   'x-cache-hits': '2',
228 verbose headers   'x-timer': 'S1478959634.057629,VS0,VE0',
228 verbose headers   vary: 'Accept-Encoding' }
229 silly get cb [ 200,
229 silly get   { server: 'CouchDB/1.5.0 (Erlang OTP/R16B03)',
229 silly get     etag: '"8MWTXI8I12RHGJCOKOV40IHRH"',
229 silly get     'content-type': 'application/json',
229 silly get     'content-encoding': 'gzip',
229 silly get     'cache-control': 'max-age=300',
229 silly get     'content-length': '4444',
229 silly get     'accept-ranges': 'bytes',
229 silly get     date: 'Sat, 12 Nov 2016 14:07:14 GMT',
229 silly get     via: '1.1 varnish',
229 silly get     age: '44',
229 silly get     connection: 'keep-alive',
229 silly get     'x-served-by': 'cache-jfk8133-JFK',
229 silly get     'x-cache': 'HIT',
229 silly get     'x-cache-hits': '2',
229 silly get     'x-timer': 'S1478959634.057629,VS0,VE0',
229 silly get     vary: 'Accept-Encoding' } ]
230 verbose get saving mime to /Users/jennine/.npm/registry.npmjs.org/mime/.cache.json
231 verbose correctMkdir /Users/jennine/.npm correctMkdir not in flight; initializing
232 http 200 https://registry.npmjs.org/errno
233 verbose headers { server: 'CouchDB/1.5.0 (Erlang OTP/R16B03)',
233 verbose headers   etag: '"394TZKPSH5HIB5SBWEXX11E0E"',
233 verbose headers   'content-type': 'application/json',
233 verbose headers   'content-encoding': 'gzip',
233 verbose headers   'cache-control': 'max-age=300',
233 verbose headers   'content-length': '3977',
233 verbose headers   'accept-ranges': 'bytes',
233 verbose headers   date: 'Sat, 12 Nov 2016 14:07:14 GMT',
233 verbose headers   via: '1.1 varnish',
233 verbose headers   age: '95',
233 verbose headers   connection: 'keep-alive',
233 verbose headers   'x-served-by': 'cache-jfk8123-JFK',
233 verbose headers   'x-cache': 'HIT',
233 verbose headers   'x-cache-hits': '1',
233 verbose headers   'x-timer': 'S1478959634.057188,VS0,VE0',
233 verbose headers   vary: 'Accept-Encoding' }
234 silly get cb [ 200,
234 silly get   { server: 'CouchDB/1.5.0 (Erlang OTP/R16B03)',
234 silly get     etag: '"394TZKPSH5HIB5SBWEXX11E0E"',
234 silly get     'content-type': 'application/json',
234 silly get     'content-encoding': 'gzip',
234 silly get     'cache-control': 'max-age=300',
234 silly get     'content-length': '3977',
234 silly get     'accept-ranges': 'bytes',
234 silly get     date: 'Sat, 12 Nov 2016 14:07:14 GMT',
234 silly get     via: '1.1 varnish',
234 silly get     age: '95',
234 silly get     connection: 'keep-alive',
234 silly get     'x-served-by': 'cache-jfk8123-JFK',
234 silly get     'x-cache': 'HIT',
234 silly get     'x-cache-hits': '1',
234 silly get     'x-timer': 'S1478959634.057188,VS0,VE0',
234 silly get     vary: 'Accept-Encoding' } ]
235 verbose get saving errno to /Users/jennine/.npm/registry.npmjs.org/errno/.cache.json
236 verbose correctMkdir /Users/jennine/.npm correctMkdir not in flight; initializing
237 silly fetchAndShaCheck shasum be7aed1c37b5ac3d9ba1d66a24b4c47ff8397651
238 verbose addTmpTarball /var/folders/__/7598m6y53g99zkjyldzbfs9c0000gn/T/npm-4834-c05fd810/registry.npmjs.org/image-size/-/image-size-0.5.0.tgz not in flight; adding
239 verbose addTmpTarball already have metadata; skipping unpack for image-size@0.5.0
240 verbose correctMkdir /Users/jennine/.npm correctMkdir not in flight; initializing
241 silly resolveWithNewModule graceful-fs@4.1.10 checking installable status
242 silly cache add args [ 'graceful-fs@^4.1.2', null ]
243 verbose cache add spec graceful-fs@^4.1.2
244 silly cache add parsed spec Result {
244 silly cache add   raw: 'graceful-fs@^4.1.2',
244 silly cache add   scope: null,
244 silly cache add   escapedName: 'graceful-fs',
244 silly cache add   name: 'graceful-fs',
244 silly cache add   rawSpec: '^4.1.2',
244 silly cache add   spec: '>=4.1.2 <5.0.0',
244 silly cache add   type: 'range' }
245 silly addNamed graceful-fs@>=4.1.2 <5.0.0
246 verbose addNamed ">=4.1.2 <5.0.0" is a valid semver range for graceful-fs
247 silly addNameRange { name: 'graceful-fs', range: '>=4.1.2 <5.0.0', hasData: false }
248 silly mapToRegistry name graceful-fs
249 silly mapToRegistry using default registry
250 silly mapToRegistry registry https://registry.npmjs.org/
251 silly mapToRegistry data Result {
251 silly mapToRegistry   raw: 'graceful-fs',
251 silly mapToRegistry   scope: null,
251 silly mapToRegistry   escapedName: 'graceful-fs',
251 silly mapToRegistry   name: 'graceful-fs',
251 silly mapToRegistry   rawSpec: '',
251 silly mapToRegistry   spec: 'latest',
251 silly mapToRegistry   type: 'tag' }
252 silly mapToRegistry uri https://registry.npmjs.org/graceful-fs
253 verbose addNameRange registry:https://registry.npmjs.org/graceful-fs not in flight; fetching
254 silly resolveWithNewModule mime@1.3.4 checking installable status
255 silly cache add args [ 'mime@^1.2.11', null ]
256 verbose cache add spec mime@^1.2.11
257 silly cache add parsed spec Result {
257 silly cache add   raw: 'mime@^1.2.11',
257 silly cache add   scope: null,
257 silly cache add   escapedName: 'mime',
257 silly cache add   name: 'mime',
257 silly cache add   rawSpec: '^1.2.11',
257 silly cache add   spec: '>=1.2.11 <2.0.0',
257 silly cache add   type: 'range' }
258 silly addNamed mime@>=1.2.11 <2.0.0
259 verbose addNamed ">=1.2.11 <2.0.0" is a valid semver range for mime
260 silly addNameRange { name: 'mime', range: '>=1.2.11 <2.0.0', hasData: false }
261 silly mapToRegistry name mime
262 silly mapToRegistry using default registry
263 silly mapToRegistry registry https://registry.npmjs.org/
264 silly mapToRegistry data Result {
264 silly mapToRegistry   raw: 'mime',
264 silly mapToRegistry   scope: null,
264 silly mapToRegistry   escapedName: 'mime',
264 silly mapToRegistry   name: 'mime',
264 silly mapToRegistry   rawSpec: '',
264 silly mapToRegistry   spec: 'latest',
264 silly mapToRegistry   type: 'tag' }
265 silly mapToRegistry uri https://registry.npmjs.org/mime
266 verbose addNameRange registry:https://registry.npmjs.org/mime not in flight; fetching
267 silly resolveWithNewModule errno@0.1.4 checking installable status
268 silly cache add args [ 'errno@^0.1.1', null ]
269 verbose cache add spec errno@^0.1.1
270 silly cache add parsed spec Result {
270 silly cache add   raw: 'errno@^0.1.1',
270 silly cache add   scope: null,
270 silly cache add   escapedName: 'errno',
270 silly cache add   name: 'errno',
270 silly cache add   rawSpec: '^0.1.1',
270 silly cache add   spec: '>=0.1.1 <0.2.0',
270 silly cache add   type: 'range' }
271 silly addNamed errno@>=0.1.1 <0.2.0
272 verbose addNamed ">=0.1.1 <0.2.0" is a valid semver range for errno
273 silly addNameRange { name: 'errno', range: '>=0.1.1 <0.2.0', hasData: false }
274 silly mapToRegistry name errno
275 silly mapToRegistry using default registry
276 silly mapToRegistry registry https://registry.npmjs.org/
277 silly mapToRegistry data Result {
277 silly mapToRegistry   raw: 'errno',
277 silly mapToRegistry   scope: null,
277 silly mapToRegistry   escapedName: 'errno',
277 silly mapToRegistry   name: 'errno',
277 silly mapToRegistry   rawSpec: '',
277 silly mapToRegistry   spec: 'latest',
277 silly mapToRegistry   type: 'tag' }
278 silly mapToRegistry uri https://registry.npmjs.org/errno
279 verbose addNameRange registry:https://registry.npmjs.org/errno not in flight; fetching
280 verbose get https://registry.npmjs.org/graceful-fs not expired, no request
281 silly addNameRange number 2 { name: 'graceful-fs', range: '>=4.1.2 <5.0.0', hasData: true }
282 silly addNameRange versions [ 'graceful-fs',
282 silly addNameRange   [ '1.0.0',
282 silly addNameRange     '1.0.1',
282 silly addNameRange     '1.0.2',
282 silly addNameRange     '1.1.0',
282 silly addNameRange     '1.1.1',
282 silly addNameRange     '1.1.2',
282 silly addNameRange     '1.1.3',
282 silly addNameRange     '1.1.4',
282 silly addNameRange     '1.1.5',
282 silly addNameRange     '1.1.6',
282 silly addNameRange     '1.1.7',
282 silly addNameRange     '1.1.8',
282 silly addNameRange     '1.1.9',
282 silly addNameRange     '1.1.10',
282 silly addNameRange     '1.1.11',
282 silly addNameRange     '1.1.12',
282 silly addNameRange     '1.1.13',
282 silly addNameRange     '1.1.14',
282 silly addNameRange     '1.2.0',
282 silly addNameRange     '1.2.1',
282 silly addNameRange     '1.2.2',
282 silly addNameRange     '1.2.3',
282 silly addNameRange     '2.0.0',
282 silly addNameRange     '2.0.1',
282 silly addNameRange     '2.0.2',
282 silly addNameRange     '2.0.3',
282 silly addNameRange     '3.0.0',
282 silly addNameRange     '3.0.1',
282 silly addNameRange     '3.0.2',
282 silly addNameRange     '3.0.3',
282 silly addNameRange     '3.0.4',
282 silly addNameRange     '3.0.5',
282 silly addNameRange     '3.0.6',
282 silly addNameRange     '3.0.7',
282 silly addNameRange     '3.0.8',
282 silly addNameRange     '4.1.0',
282 silly addNameRange     '4.1.1',
282 silly addNameRange     '4.1.2',
282 silly addNameRange     '4.1.3',
282 silly addNameRange     '4.1.4',
282 silly addNameRange     '4.1.5',
282 silly addNameRange     '3.0.9',
282 silly addNameRange     '4.1.6',
282 silly addNameRange     '3.0.10',
282 silly addNameRange     '3.0.11',
282 silly addNameRange     '4.1.7',
282 silly addNameRange     '4.1.8',
282 silly addNameRange     '4.1.9',
282 silly addNameRange     '4.1.10' ] ]
283 silly addNamed graceful-fs@4.1.10
284 verbose addNamed "4.1.10" is a plain semver version for graceful-fs
285 verbose get https://registry.npmjs.org/mime not expired, no request
286 silly addNameRange number 2 { name: 'mime', range: '>=1.2.11 <2.0.0', hasData: true }
287 silly addNameRange versions [ 'mime',
287 silly addNameRange   [ '1.0.0',
287 silly addNameRange     '1.1.0',
287 silly addNameRange     '1.2.1',
287 silly addNameRange     '1.2.2',
287 silly addNameRange     '1.2.3',
287 silly addNameRange     '1.2.4',
287 silly addNameRange     '1.2.5',
287 silly addNameRange     '1.2.6',
287 silly addNameRange     '1.2.7',
287 silly addNameRange     '1.2.8',
287 silly addNameRange     '1.2.9',
287 silly addNameRange     '1.2.10',
287 silly addNameRange     '1.2.11',
287 silly addNameRange     '1.3.0',
287 silly addNameRange     '1.3.2',
287 silly addNameRange     '1.3.3',
287 silly addNameRange     '1.3.4' ] ]
288 silly addNamed mime@1.3.4
289 verbose addNamed "1.3.4" is a plain semver version for mime
290 silly mapToRegistry name graceful-fs
291 silly mapToRegistry using default registry
292 silly mapToRegistry registry https://registry.npmjs.org/
293 silly mapToRegistry data Result {
293 silly mapToRegistry   raw: 'graceful-fs',
293 silly mapToRegistry   scope: null,
293 silly mapToRegistry   escapedName: 'graceful-fs',
293 silly mapToRegistry   name: 'graceful-fs',
293 silly mapToRegistry   rawSpec: '',
293 silly mapToRegistry   spec: 'latest',
293 silly mapToRegistry   type: 'tag' }
294 silly mapToRegistry uri https://registry.npmjs.org/graceful-fs
295 verbose addRemoteTarball https://registry.npmjs.org/graceful-fs/-/graceful-fs-4.1.10.tgz not in flight; adding
296 verbose addRemoteTarball [ 'https://registry.npmjs.org/graceful-fs/-/graceful-fs-4.1.10.tgz',
296 verbose addRemoteTarball   'f2d720c22092f743228775c75e3612632501f131' ]
297 verbose get https://registry.npmjs.org/errno not expired, no request
298 silly addNameRange number 2 { name: 'errno', range: '>=0.1.1 <0.2.0', hasData: true }
299 silly addNameRange versions [ 'errno',
299 silly addNameRange   [ '0.0.1',
299 silly addNameRange     '0.0.2',
299 silly addNameRange     '0.0.3',
299 silly addNameRange     '0.0.4',
299 silly addNameRange     '0.0.5',
299 silly addNameRange     '0.1.0',
299 silly addNameRange     '0.1.1',
299 silly addNameRange     '0.1.2',
299 silly addNameRange     '0.1.3',
299 silly addNameRange     '0.1.4' ] ]
300 silly addNamed errno@0.1.4
301 verbose addNamed "0.1.4" is a plain semver version for errno
302 info retry fetch attempt 1 at 9:07:14 AM
303 info attempt registry request try #1 at 9:07:14 AM
304 http fetch GET https://registry.npmjs.org/graceful-fs/-/graceful-fs-4.1.10.tgz
305 silly cache afterAdd mime@1.3.4
306 verbose afterAdd /Users/jennine/.npm/mime/1.3.4/package/package.json not in flight; writing
307 verbose correctMkdir /Users/jennine/.npm correctMkdir not in flight; initializing
308 http 200 https://registry.npmjs.org/source-map
309 verbose headers { server: 'CouchDB/1.5.0 (Erlang OTP/R16B03)',
309 verbose headers   etag: '"3W1Q5MUYG4Q8Y8F2IOPUO3VY0"',
309 verbose headers   'content-type': 'application/json',
309 verbose headers   'content-encoding': 'gzip',
309 verbose headers   'cache-control': 'max-age=300',
309 verbose headers   'content-length': '17833',
309 verbose headers   'accept-ranges': 'bytes',
309 verbose headers   date: 'Sat, 12 Nov 2016 14:07:14 GMT',
309 verbose headers   via: '1.1 varnish',
309 verbose headers   age: '122',
309 verbose headers   connection: 'keep-alive',
309 verbose headers   'x-served-by': 'cache-jfk8136-JFK',
309 verbose headers   'x-cache': 'HIT',
309 verbose headers   'x-cache-hits': '2',
309 verbose headers   'x-timer': 'S1478959634.059133,VS0,VE0',
309 verbose headers   vary: 'Accept-Encoding' }
310 silly get cb [ 200,
310 silly get   { server: 'CouchDB/1.5.0 (Erlang OTP/R16B03)',
310 silly get     etag: '"3W1Q5MUYG4Q8Y8F2IOPUO3VY0"',
310 silly get     'content-type': 'application/json',
310 silly get     'content-encoding': 'gzip',
310 silly get     'cache-control': 'max-age=300',
310 silly get     'content-length': '17833',
310 silly get     'accept-ranges': 'bytes',
310 silly get     date: 'Sat, 12 Nov 2016 14:07:14 GMT',
310 silly get     via: '1.1 varnish',
310 silly get     age: '122',
310 silly get     connection: 'keep-alive',
310 silly get     'x-served-by': 'cache-jfk8136-JFK',
310 silly get     'x-cache': 'HIT',
310 silly get     'x-cache-hits': '2',
310 silly get     'x-timer': 'S1478959634.059133,VS0,VE0',
310 silly get     vary: 'Accept-Encoding' } ]
311 verbose get saving source-map to /Users/jennine/.npm/registry.npmjs.org/source-map/.cache.json
312 verbose correctMkdir /Users/jennine/.npm correctMkdir not in flight; initializing
313 silly cache afterAdd errno@0.1.4
314 verbose afterAdd /Users/jennine/.npm/errno/0.1.4/package/package.json not in flight; writing
315 verbose correctMkdir /Users/jennine/.npm correctMkdir not in flight; initializing
316 verbose afterAdd /Users/jennine/.npm/mime/1.3.4/package/package.json written
317 silly cache afterAdd image-size@0.5.0
318 verbose afterAdd /Users/jennine/.npm/image-size/0.5.0/package/package.json not in flight; writing
319 verbose correctMkdir /Users/jennine/.npm correctMkdir not in flight; initializing
320 verbose afterAdd /Users/jennine/.npm/errno/0.1.4/package/package.json written
321 silly resolveWithNewModule source-map@0.5.6 checking installable status
322 silly cache add args [ 'source-map@^0.5.3', null ]
323 verbose cache add spec source-map@^0.5.3
324 silly cache add parsed spec Result {
324 silly cache add   raw: 'source-map@^0.5.3',
324 silly cache add   scope: null,
324 silly cache add   escapedName: 'source-map',
324 silly cache add   name: 'source-map',
324 silly cache add   rawSpec: '^0.5.3',
324 silly cache add   spec: '>=0.5.3 <0.6.0',
324 silly cache add   type: 'range' }
325 silly addNamed source-map@>=0.5.3 <0.6.0
326 verbose addNamed ">=0.5.3 <0.6.0" is a valid semver range for source-map
327 silly addNameRange { name: 'source-map', range: '>=0.5.3 <0.6.0', hasData: false }
328 silly mapToRegistry name source-map
329 silly mapToRegistry using default registry
330 silly mapToRegistry registry https://registry.npmjs.org/
331 silly mapToRegistry data Result {
331 silly mapToRegistry   raw: 'source-map',
331 silly mapToRegistry   scope: null,
331 silly mapToRegistry   escapedName: 'source-map',
331 silly mapToRegistry   name: 'source-map',
331 silly mapToRegistry   rawSpec: '',
331 silly mapToRegistry   spec: 'latest',
331 silly mapToRegistry   type: 'tag' }
332 silly mapToRegistry uri https://registry.npmjs.org/source-map
333 verbose addNameRange registry:https://registry.npmjs.org/source-map not in flight; fetching
334 verbose afterAdd /Users/jennine/.npm/image-size/0.5.0/package/package.json written
335 verbose get https://registry.npmjs.org/source-map not expired, no request
336 silly addNameRange number 2 { name: 'source-map', range: '>=0.5.3 <0.6.0', hasData: true }
337 silly addNameRange versions [ 'source-map',
337 silly addNameRange   [ '0.0.0',
337 silly addNameRange     '0.1.0',
337 silly addNameRange     '0.1.1',
337 silly addNameRange     '0.1.2',
337 silly addNameRange     '0.1.3',
337 silly addNameRange     '0.1.4',
337 silly addNameRange     '0.1.5',
337 silly addNameRange     '0.1.6',
337 silly addNameRange     '0.1.7',
337 silly addNameRange     '0.1.8',
337 silly addNameRange     '0.1.9',
337 silly addNameRange     '0.1.10',
337 silly addNameRange     '0.1.11',
337 silly addNameRange     '0.1.12',
337 silly addNameRange     '0.1.13',
337 silly addNameRange     '0.1.14',
337 silly addNameRange     '0.1.15',
337 silly addNameRange     '0.1.16',
337 silly addNameRange     '0.1.17',
337 silly addNameRange     '0.1.18',
337 silly addNameRange     '0.1.19',
337 silly addNameRange     '0.1.20',
337 silly addNameRange     '0.1.21',
337 silly addNameRange     '0.1.22',
337 silly addNameRange     '0.1.23',
337 silly addNameRange     '0.1.24',
337 silly addNameRange     '0.1.25',
337 silly addNameRange     '0.1.26',
337 silly addNameRange     '0.1.27',
337 silly addNameRange     '0.1.28',
337 silly addNameRange     '0.1.29',
337 silly addNameRange     '0.1.30',
337 silly addNameRange     '0.1.31',
337 silly addNameRange     '0.1.32',
337 silly addNameRange     '0.1.33',
337 silly addNameRange     '0.1.34',
337 silly addNameRange     '0.1.35',
337 silly addNameRange     '0.1.36',
337 silly addNameRange     '0.1.37',
337 silly addNameRange     '0.1.38',
337 silly addNameRange     '0.1.39',
337 silly addNameRange     '0.1.40',
337 silly addNameRange     '0.1.41',
337 silly addNameRange     '0.1.42',
337 silly addNameRange     '0.1.43',
337 silly addNameRange     '0.2.0',
337 silly addNameRange     '0.3.0',
337 silly addNameRange     '0.4.0',
337 silly addNameRange     '0.4.1',
337 silly addNameRange     '0.4.2',
337 silly addNameRange     '0.4.3',
337 silly addNameRange     '0.4.4',
337 silly addNameRange     '0.5.0',
337 silly addNameRange     '0.5.1',
337 silly addNameRange     '0.5.2',
337 silly addNameRange     '0.5.3',
337 silly addNameRange     '0.5.4',
337 silly addNameRange     '0.5.5',
337 silly addNameRange     '0.5.6' ] ]
338 silly addNamed source-map@0.5.6
339 verbose addNamed "0.5.6" is a plain semver version for source-map
340 http fetch 200 https://registry.npmjs.org/graceful-fs/-/graceful-fs-4.1.10.tgz
341 silly fetchAndShaCheck shasum f2d720c22092f743228775c75e3612632501f131
342 silly cache afterAdd source-map@0.5.6
343 verbose afterAdd /Users/jennine/.npm/source-map/0.5.6/package/package.json not in flight; writing
344 verbose correctMkdir /Users/jennine/.npm correctMkdir not in flight; initializing
345 verbose addTmpTarball /var/folders/__/7598m6y53g99zkjyldzbfs9c0000gn/T/npm-4834-c05fd810/registry.npmjs.org/graceful-fs/-/graceful-fs-4.1.10.tgz not in flight; adding
346 verbose addTmpTarball already have metadata; skipping unpack for graceful-fs@4.1.10
347 verbose correctMkdir /Users/jennine/.npm correctMkdir not in flight; initializing
348 verbose afterAdd /Users/jennine/.npm/source-map/0.5.6/package/package.json written
349 silly cache afterAdd graceful-fs@4.1.10
350 verbose afterAdd /Users/jennine/.npm/graceful-fs/4.1.10/package/package.json not in flight; writing
351 verbose correctMkdir /Users/jennine/.npm correctMkdir not in flight; initializing
352 verbose afterAdd /Users/jennine/.npm/graceful-fs/4.1.10/package/package.json written
353 silly fetchNamedPackageData prr
354 silly mapToRegistry name prr
355 silly mapToRegistry using default registry
356 silly mapToRegistry registry https://registry.npmjs.org/
357 silly mapToRegistry data Result {
357 silly mapToRegistry   raw: 'prr',
357 silly mapToRegistry   scope: null,
357 silly mapToRegistry   escapedName: 'prr',
357 silly mapToRegistry   name: 'prr',
357 silly mapToRegistry   rawSpec: '',
357 silly mapToRegistry   spec: 'latest',
357 silly mapToRegistry   type: 'tag' }
358 silly mapToRegistry uri https://registry.npmjs.org/prr
359 verbose request uri https://registry.npmjs.org/prr
360 verbose request no auth needed
361 info attempt registry request try #1 at 9:07:14 AM
362 verbose etag "23FL3EQCC8SEHEMVQMGFJSE02"
363 http request GET https://registry.npmjs.org/prr
364 http 200 https://registry.npmjs.org/prr
365 verbose headers { server: 'CouchDB/1.5.0 (Erlang OTP/R16B03)',
365 verbose headers   etag: '"4A1HNLWICX23ZCV88IU54BJUX"',
365 verbose headers   'content-type': 'application/json',
365 verbose headers   'content-encoding': 'gzip',
365 verbose headers   'cache-control': 'max-age=300',
365 verbose headers   'content-length': '1739',
365 verbose headers   'accept-ranges': 'bytes',
365 verbose headers   date: 'Sat, 12 Nov 2016 14:07:14 GMT',
365 verbose headers   via: '1.1 varnish',
365 verbose headers   age: '87',
365 verbose headers   connection: 'keep-alive',
365 verbose headers   'x-served-by': 'cache-jfk8132-JFK',
365 verbose headers   'x-cache': 'HIT',
365 verbose headers   'x-cache-hits': '1',
365 verbose headers   'x-timer': 'S1478959634.162357,VS0,VE0',
365 verbose headers   vary: 'Accept-Encoding' }
366 silly get cb [ 200,
366 silly get   { server: 'CouchDB/1.5.0 (Erlang OTP/R16B03)',
366 silly get     etag: '"4A1HNLWICX23ZCV88IU54BJUX"',
366 silly get     'content-type': 'application/json',
366 silly get     'content-encoding': 'gzip',
366 silly get     'cache-control': 'max-age=300',
366 silly get     'content-length': '1739',
366 silly get     'accept-ranges': 'bytes',
366 silly get     date: 'Sat, 12 Nov 2016 14:07:14 GMT',
366 silly get     via: '1.1 varnish',
366 silly get     age: '87',
366 silly get     connection: 'keep-alive',
366 silly get     'x-served-by': 'cache-jfk8132-JFK',
366 silly get     'x-cache': 'HIT',
366 silly get     'x-cache-hits': '1',
366 silly get     'x-timer': 'S1478959634.162357,VS0,VE0',
366 silly get     vary: 'Accept-Encoding' } ]
367 verbose get saving prr to /Users/jennine/.npm/registry.npmjs.org/prr/.cache.json
368 verbose correctMkdir /Users/jennine/.npm correctMkdir not in flight; initializing
369 silly resolveWithNewModule prr@0.0.0 checking installable status
370 silly cache add args [ 'prr@~0.0.0', null ]
371 verbose cache add spec prr@~0.0.0
372 silly cache add parsed spec Result {
372 silly cache add   raw: 'prr@~0.0.0',
372 silly cache add   scope: null,
372 silly cache add   escapedName: 'prr',
372 silly cache add   name: 'prr',
372 silly cache add   rawSpec: '~0.0.0',
372 silly cache add   spec: '>=0.0.0 <0.1.0',
372 silly cache add   type: 'range' }
373 silly addNamed prr@>=0.0.0 <0.1.0
374 verbose addNamed ">=0.0.0 <0.1.0" is a valid semver range for prr
375 silly addNameRange { name: 'prr', range: '>=0.0.0 <0.1.0', hasData: false }
376 silly mapToRegistry name prr
377 silly mapToRegistry using default registry
378 silly mapToRegistry registry https://registry.npmjs.org/
379 silly mapToRegistry data Result {
379 silly mapToRegistry   raw: 'prr',
379 silly mapToRegistry   scope: null,
379 silly mapToRegistry   escapedName: 'prr',
379 silly mapToRegistry   name: 'prr',
379 silly mapToRegistry   rawSpec: '',
379 silly mapToRegistry   spec: 'latest',
379 silly mapToRegistry   type: 'tag' }
380 silly mapToRegistry uri https://registry.npmjs.org/prr
381 verbose addNameRange registry:https://registry.npmjs.org/prr not in flight; fetching
382 verbose get https://registry.npmjs.org/prr not expired, no request
383 silly addNameRange number 2 { name: 'prr', range: '>=0.0.0 <0.1.0', hasData: true }
384 silly addNameRange versions [ 'prr', [ '0.0.0', '1.0.0', '1.0.1' ] ]
385 silly addNamed prr@0.0.0
386 verbose addNamed "0.0.0" is a plain semver version for prr
387 silly cache afterAdd prr@0.0.0
388 verbose afterAdd /Users/jennine/.npm/prr/0.0.0/package/package.json not in flight; writing
389 verbose correctMkdir /Users/jennine/.npm correctMkdir not in flight; initializing
390 verbose afterAdd /Users/jennine/.npm/prr/0.0.0/package/package.json written
391 silly fetchNamedPackageData minimist
392 silly mapToRegistry name minimist
393 silly mapToRegistry using default registry
394 silly mapToRegistry registry https://registry.npmjs.org/
395 silly mapToRegistry data Result {
395 silly mapToRegistry   raw: 'minimist',
395 silly mapToRegistry   scope: null,
395 silly mapToRegistry   escapedName: 'minimist',
395 silly mapToRegistry   name: 'minimist',
395 silly mapToRegistry   rawSpec: '',
395 silly mapToRegistry   spec: 'latest',
395 silly mapToRegistry   type: 'tag' }
396 silly mapToRegistry uri https://registry.npmjs.org/minimist
397 verbose request uri https://registry.npmjs.org/minimist
398 verbose request no auth needed
399 info attempt registry request try #1 at 9:07:14 AM
400 verbose etag "60EFENZWER9ANOHGZ2NFEMAWC"
401 http request GET https://registry.npmjs.org/minimist
402 http 200 https://registry.npmjs.org/minimist
403 verbose headers { server: 'CouchDB/1.5.0 (Erlang OTP/R16B03)',
403 verbose headers   etag: '"3DFQT6QJ8XYFE2WV8WM6VJHOM"',
403 verbose headers   'content-type': 'application/json',
403 verbose headers   'content-encoding': 'gzip',
403 verbose headers   'cache-control': 'max-age=300',
403 verbose headers   'content-length': '5872',
403 verbose headers   'accept-ranges': 'bytes',
403 verbose headers   date: 'Sat, 12 Nov 2016 14:07:14 GMT',
403 verbose headers   via: '1.1 varnish',
403 verbose headers   age: '94',
403 verbose headers   connection: 'keep-alive',
403 verbose headers   'x-served-by': 'cache-jfk8135-JFK',
403 verbose headers   'x-cache': 'HIT',
403 verbose headers   'x-cache-hits': '4',
403 verbose headers   'x-timer': 'S1478959634.197244,VS0,VE0',
403 verbose headers   vary: 'Accept-Encoding' }
404 silly get cb [ 200,
404 silly get   { server: 'CouchDB/1.5.0 (Erlang OTP/R16B03)',
404 silly get     etag: '"3DFQT6QJ8XYFE2WV8WM6VJHOM"',
404 silly get     'content-type': 'application/json',
404 silly get     'content-encoding': 'gzip',
404 silly get     'cache-control': 'max-age=300',
404 silly get     'content-length': '5872',
404 silly get     'accept-ranges': 'bytes',
404 silly get     date: 'Sat, 12 Nov 2016 14:07:14 GMT',
404 silly get     via: '1.1 varnish',
404 silly get     age: '94',
404 silly get     connection: 'keep-alive',
404 silly get     'x-served-by': 'cache-jfk8135-JFK',
404 silly get     'x-cache': 'HIT',
404 silly get     'x-cache-hits': '4',
404 silly get     'x-timer': 'S1478959634.197244,VS0,VE0',
404 silly get     vary: 'Accept-Encoding' } ]
405 verbose get saving minimist to /Users/jennine/.npm/registry.npmjs.org/minimist/.cache.json
406 verbose correctMkdir /Users/jennine/.npm correctMkdir not in flight; initializing
407 silly resolveWithNewModule minimist@0.0.8 checking installable status
408 silly cache add args [ 'minimist@0.0.8', null ]
409 verbose cache add spec minimist@0.0.8
410 silly cache add parsed spec Result {
410 silly cache add   raw: 'minimist@0.0.8',
410 silly cache add   scope: null,
410 silly cache add   escapedName: 'minimist',
410 silly cache add   name: 'minimist',
410 silly cache add   rawSpec: '0.0.8',
410 silly cache add   spec: '0.0.8',
410 silly cache add   type: 'version' }
411 silly addNamed minimist@0.0.8
412 verbose addNamed "0.0.8" is a plain semver version for minimist
413 silly mapToRegistry name minimist
414 silly mapToRegistry using default registry
415 silly mapToRegistry registry https://registry.npmjs.org/
416 silly mapToRegistry data Result {
416 silly mapToRegistry   raw: 'minimist',
416 silly mapToRegistry   scope: null,
416 silly mapToRegistry   escapedName: 'minimist',
416 silly mapToRegistry   name: 'minimist',
416 silly mapToRegistry   rawSpec: '',
416 silly mapToRegistry   spec: 'latest',
416 silly mapToRegistry   type: 'tag' }
417 silly mapToRegistry uri https://registry.npmjs.org/minimist
418 verbose addNameVersion registry:https://registry.npmjs.org/minimist not in flight; fetching
419 verbose get https://registry.npmjs.org/minimist not expired, no request
420 silly cache afterAdd minimist@0.0.8
421 verbose afterAdd /Users/jennine/.npm/minimist/0.0.8/package/package.json not in flight; writing
422 verbose correctMkdir /Users/jennine/.npm correctMkdir not in flight; initializing
423 verbose afterAdd /Users/jennine/.npm/minimist/0.0.8/package/package.json written
424 silly fetchNamedPackageData asap
425 silly mapToRegistry name asap
426 silly mapToRegistry using default registry
427 silly mapToRegistry registry https://registry.npmjs.org/
428 silly mapToRegistry data Result {
428 silly mapToRegistry   raw: 'asap',
428 silly mapToRegistry   scope: null,
428 silly mapToRegistry   escapedName: 'asap',
428 silly mapToRegistry   name: 'asap',
428 silly mapToRegistry   rawSpec: '',
428 silly mapToRegistry   spec: 'latest',
428 silly mapToRegistry   type: 'tag' }
429 silly mapToRegistry uri https://registry.npmjs.org/asap
430 verbose request uri https://registry.npmjs.org/asap
431 verbose request no auth needed
432 info attempt registry request try #1 at 9:07:14 AM
433 verbose etag "9WGDFDIB7GDUCWBKMZCQKNTQL"
434 http request GET https://registry.npmjs.org/asap
435 http 200 https://registry.npmjs.org/asap
436 verbose headers { server: 'CouchDB/1.5.0 (Erlang OTP/R16B03)',
436 verbose headers   etag: '"8YT926YPE224GQS9EK07NSAD2"',
436 verbose headers   'content-type': 'application/json',
436 verbose headers   'content-encoding': 'gzip',
436 verbose headers   'cache-control': 'max-age=300',
436 verbose headers   'content-length': '7393',
436 verbose headers   'accept-ranges': 'bytes',
436 verbose headers   date: 'Sat, 12 Nov 2016 14:07:14 GMT',
436 verbose headers   via: '1.1 varnish',
436 verbose headers   age: '124',
436 verbose headers   connection: 'keep-alive',
436 verbose headers   'x-served-by': 'cache-jfk8133-JFK',
436 verbose headers   'x-cache': 'HIT',
436 verbose headers   'x-cache-hits': '1',
436 verbose headers   'x-timer': 'S1478959634.231371,VS0,VE0',
436 verbose headers   vary: 'Accept-Encoding' }
437 silly get cb [ 200,
437 silly get   { server: 'CouchDB/1.5.0 (Erlang OTP/R16B03)',
437 silly get     etag: '"8YT926YPE224GQS9EK07NSAD2"',
437 silly get     'content-type': 'application/json',
437 silly get     'content-encoding': 'gzip',
437 silly get     'cache-control': 'max-age=300',
437 silly get     'content-length': '7393',
437 silly get     'accept-ranges': 'bytes',
437 silly get     date: 'Sat, 12 Nov 2016 14:07:14 GMT',
437 silly get     via: '1.1 varnish',
437 silly get     age: '124',
437 silly get     connection: 'keep-alive',
437 silly get     'x-served-by': 'cache-jfk8133-JFK',
437 silly get     'x-cache': 'HIT',
437 silly get     'x-cache-hits': '1',
437 silly get     'x-timer': 'S1478959634.231371,VS0,VE0',
437 silly get     vary: 'Accept-Encoding' } ]
438 verbose get saving asap to /Users/jennine/.npm/registry.npmjs.org/asap/.cache.json
439 verbose correctMkdir /Users/jennine/.npm correctMkdir not in flight; initializing
440 silly resolveWithNewModule asap@2.0.5 checking installable status
441 silly cache add args [ 'asap@~2.0.3', null ]
442 verbose cache add spec asap@~2.0.3
443 silly cache add parsed spec Result {
443 silly cache add   raw: 'asap@~2.0.3',
443 silly cache add   scope: null,
443 silly cache add   escapedName: 'asap',
443 silly cache add   name: 'asap',
443 silly cache add   rawSpec: '~2.0.3',
443 silly cache add   spec: '>=2.0.3 <2.1.0',
443 silly cache add   type: 'range' }
444 silly addNamed asap@>=2.0.3 <2.1.0
445 verbose addNamed ">=2.0.3 <2.1.0" is a valid semver range for asap
446 silly addNameRange { name: 'asap', range: '>=2.0.3 <2.1.0', hasData: false }
447 silly mapToRegistry name asap
448 silly mapToRegistry using default registry
449 silly mapToRegistry registry https://registry.npmjs.org/
450 silly mapToRegistry data Result {
450 silly mapToRegistry   raw: 'asap',
450 silly mapToRegistry   scope: null,
450 silly mapToRegistry   escapedName: 'asap',
450 silly mapToRegistry   name: 'asap',
450 silly mapToRegistry   rawSpec: '',
450 silly mapToRegistry   spec: 'latest',
450 silly mapToRegistry   type: 'tag' }
451 silly mapToRegistry uri https://registry.npmjs.org/asap
452 verbose addNameRange registry:https://registry.npmjs.org/asap not in flight; fetching
453 verbose get https://registry.npmjs.org/asap not expired, no request
454 silly addNameRange number 2 { name: 'asap', range: '>=2.0.3 <2.1.0', hasData: true }
455 silly addNameRange versions [ 'asap',
455 silly addNameRange   [ '0.0.0',
455 silly addNameRange     '1.0.0',
455 silly addNameRange     '2.0.0',
455 silly addNameRange     '2.0.1',
455 silly addNameRange     '2.0.2',
455 silly addNameRange     '2.0.3',
455 silly addNameRange     '2.0.4',
455 silly addNameRange     '2.0.5' ] ]
456 silly addNamed asap@2.0.5
457 verbose addNamed "2.0.5" is a plain semver version for asap
458 silly cache afterAdd asap@2.0.5
459 verbose afterAdd /Users/jennine/.npm/asap/2.0.5/package/package.json not in flight; writing
460 verbose correctMkdir /Users/jennine/.npm correctMkdir not in flight; initializing
461 verbose afterAdd /Users/jennine/.npm/asap/2.0.5/package/package.json written
462 silly loadAllDepsIntoIdealTree Finishing
463 silly loadIdealTree Finishing
464 silly currentTree lib
465 silly idealTree lib
465 silly idealTree  less@2.7.1
465 silly idealTree    asap@2.0.5
465 silly idealTree    errno@0.1.4
465 silly idealTree    graceful-fs@4.1.10
465 silly idealTree    image-size@0.5.0
465 silly idealTree    mime@1.3.4
465 silly idealTree    minimist@0.0.8
465 silly idealTree    mkdirp@0.5.1
465 silly idealTree    promise@7.1.1
465 silly idealTree    prr@0.0.0
465 silly idealTree    source-map@0.5.6
466 silly generateActionsToTake Starting
467 silly install generateActionsToTake
468 warn checkPermissions Missing write access to /usr/local/lib/node_modules
469 silly rollbackFailedOptional Starting
470 silly rollbackFailedOptional Finishing
471 silly runTopLevelLifecycles Starting
472 silly runTopLevelLifecycles Finishing
473 silly install printInstalled
474 verbose stack Error: EACCES: permission denied, access '/usr/local/lib/node_modules'
474 verbose stack     at Error (native)
475 verbose cwd /Users/jennine/Desktop/InstaGoal
476 error Darwin 14.5.0
477 error argv "/usr/local/bin/node" "/usr/local/bin/npm" "install" "-g" "less"
478 error node v6.3.0
479 error npm  v3.10.3
480 error path /usr/local/lib/node_modules
481 error code EACCES
482 error errno -13
483 error syscall access
484 error Error: EACCES: permission denied, access '/usr/local/lib/node_modules'
484 error     at Error (native)
484 error  { Error: EACCES: permission denied, access '/usr/local/lib/node_modules'
484 error     at Error (native)
484 error   errno: -13,
484 error   code: 'EACCES',
484 error   syscall: 'access',
484 error   path: '/usr/local/lib/node_modules' }
485 error Please try running this command again as root/Administrator.
486 verbose exit [ -13, true ]
